<?xml version="1.0" encoding="UTF-8"?>
<!-- Generated by org.testng.reporters.JUnitReportReporter -->
<testsuite hostname="Homebells-MacBook-Pro-2.local" name="caroobi.HorbertLead" tests="13" failures="0" timestamp="12 Sep 2019 06:44:39 GMT" time="91.703" errors="0">
  <testcase name="click_cta_on_homepage" time="2.122" classname="caroobi.HorbertLead"/>
  <testcase name="select_service_austausch_motor_on_homepage" time="6.634" classname="caroobi.HorbertLead"/>
  <testcase name="select_car_on_homepage" time="0.164" classname="caroobi.HorbertLead"/>
  <testcase name="create_lead_for_auto_offer_generation" time="32.692" classname="caroobi.HorbertLead"/>
  <testcase name="getLead_data_from_google_sheet" time="1.237" classname="caroobi.HorbertLead"/>
  <testcase name="fin_screen_test" time="8.579" classname="caroobi.HorbertLead"/>
  <testcase name="connect_to_database" time="4.492" classname="caroobi.HorbertLead"/>
  <testcase name="accept_cookies_dialog" time="1.087" classname="caroobi.HorbertLead"/>
  <testcase name="click_on_pin_textbox" time="0.105" classname="caroobi.HorbertLead"/>
  <testcase name="enter_value_in_pin_textbox" time="0.207" classname="caroobi.HorbertLead"/>
  <testcase name="open_home_page_to_create_austausch_mototor_lead" time="3.575" classname="caroobi.HorbertLead"/>
  <testcase name="get_lead" time="30.754" classname="caroobi.HorbertLead"/>
  <testcase name="clear_pin_textbox" time="0.055" classname="caroobi.HorbertLead"/>
</testsuite> <!-- caroobi.HorbertLead -->
