<?xml version="1.0" encoding="UTF-8"?>
<!-- Generated by org.testng.reporters.JUnitReportReporter -->
<testsuite hostname="Homebells-MacBook-Pro-2.local" name="caroobi.CreateHobertLead" tests="13" failures="1" timestamp="20 Sep 2019 09:58:45 GMT" time="134.902" errors="0">
  <testcase name="clear_pin_textbox" time="0.036" classname="caroobi.CreateHobertLead"/>
  <testcase name="open_home_page_to_create_austausch_mototor_lead" time="7.365" classname="caroobi.CreateHobertLead"/>
  <testcase name="getLead_data_from_google_sheet" time="1.207" classname="caroobi.CreateHobertLead"/>
  <testcase name="select_service_austausch_motor_on_homepage" time="16.569" classname="caroobi.CreateHobertLead"/>
  <testcase name="Verify_fin_screen_and_fill_fin_details" time="31.049" classname="caroobi.CreateHobertLead"/>
  <testcase name="verify_is_lead_submitted_to_databasd" time="30.995" classname="caroobi.CreateHobertLead"/>
  <testcase name="click_on_pin_textbox" time="0.065" classname="caroobi.CreateHobertLead"/>
  <testcase name="create_lead_for_auto_offer_generation" time="37.056" classname="caroobi.CreateHobertLead">
    <failure type="junit.framework.AssertionFailedError">
      <![CDATA[junit.framework.AssertionFailedError
	at junit.framework.Assert.fail(Assert.java:55)
	at junit.framework.Assert.assertTrue(Assert.java:22)
	at junit.framework.Assert.assertTrue(Assert.java:31)
	at common.TestBase.click(TestBase.java:451)
	at caroobi.CreateHobertLead.create_lead_for_auto_offer_generation(CreateHobertLead.java:242)
	at sun.reflect.NativeMethodAccessorImpl.invoke0(Native Method)
	at sun.reflect.NativeMethodAccessorImpl.invoke(NativeMethodAccessorImpl.java:62)
	at sun.reflect.DelegatingMethodAccessorImpl.invoke(DelegatingMethodAccessorImpl.java:43)
	at java.lang.reflect.Method.invoke(Method.java:498)
	at org.testng.internal.MethodInvocationHelper.invokeMethod(MethodInvocationHelper.java:86)
	at org.testng.internal.Invoker.invokeMethod(Invoker.java:645)
	at org.testng.internal.Invoker.invokeTestMethod(Invoker.java:822)
	at org.testng.internal.Invoker.invokeTestMethods(Invoker.java:1130)
	at org.testng.internal.TestMethodWorker.invokeTestMethods(TestMethodWorker.java:129)
	at org.testng.internal.TestMethodWorker.run(TestMethodWorker.java:112)
	at org.testng.TestRunner.privateRun(TestRunner.java:782)
	at org.testng.TestRunner.run(TestRunner.java:632)
	at org.testng.SuiteRunner.runTest(SuiteRunner.java:366)
	at org.testng.SuiteRunner.runSequentially(SuiteRunner.java:361)
	at org.testng.SuiteRunner.privateRun(SuiteRunner.java:319)
	at org.testng.SuiteRunner.run(SuiteRunner.java:268)
	at org.testng.SuiteRunnerWorker.runSuite(SuiteRunnerWorker.java:52)
	at org.testng.SuiteRunnerWorker.run(SuiteRunnerWorker.java:86)
	at org.testng.TestNG.runSuitesSequentially(TestNG.java:1244)
	at org.testng.TestNG.runSuitesLocally(TestNG.java:1169)
	at org.testng.TestNG.run(TestNG.java:1064)
	at org.testng.remote.RemoteTestNG.run(RemoteTestNG.java:113)
	at org.testng.remote.RemoteTestNG.initAndRun(RemoteTestNG.java:206)
	at org.testng.remote.RemoteTestNG.main(RemoteTestNG.java:177)
]]>
    </failure>
  </testcase> <!-- create_lead_for_auto_offer_generation -->
  <testcase name="select_car_on_homepage" time="0.070" classname="caroobi.CreateHobertLead"/>
  <testcase name="enter_value_in_pin_textbox" time="0.271" classname="caroobi.CreateHobertLead"/>
  <testcase name="click_cta_on_homepage" time="0.061" classname="caroobi.CreateHobertLead"/>
  <testcase name="connect_to_database_to_verify" time="4.020" classname="caroobi.CreateHobertLead"/>
  <testcase name="accept_cookies_dialog" time="6.138" classname="caroobi.CreateHobertLead"/>
</testsuite> <!-- caroobi.CreateHobertLead -->
