<?xml version="1.0" encoding="UTF-8"?>
<!-- Generated by org.testng.reporters.JUnitReportReporter -->
<testsuite hostname="Homebells-MacBook-Pro-2.local" name="caroobi.FirstTest" tests="1" failures="0" timestamp="31 Jul 2019 06:48:39 GMT" time="3.491" errors="0">
  <testcase name="Get_Latest_lead_Created" time="3.491" classname="caroobi.FirstTest"/>
</testsuite> <!-- caroobi.FirstTest -->
