<?xml version="1.0" encoding="UTF-8"?>
<!-- Generated by org.testng.reporters.JUnitReportReporter -->
<testsuite hostname="Homebells-MacBook-Pro-2.local" name="caroobi.automatedOffer" tests="13" failures="0" timestamp="19 Sep 2019 09:27:27 GMT" time="99.556" errors="0">
  <testcase name="open_home_page_to_create_austausch_mototor_lead" time="3.922" classname="caroobi.automatedOffer"/>
  <testcase name="click_cta_on_homepage" time="2.125" classname="caroobi.automatedOffer"/>
  <testcase name="getLead_data_from_google_sheet" time="0.827" classname="caroobi.automatedOffer"/>
  <testcase name="select_service_austausch_motor_on_homepage" time="6.628" classname="caroobi.automatedOffer"/>
  <testcase name="connect_to_database_to_verify" time="5.006" classname="caroobi.automatedOffer"/>
  <testcase name="click_on_pin_textbox" time="0.083" classname="caroobi.automatedOffer"/>
  <testcase name="Verify_fin_screen_and_fill_fin_details" time="15.981" classname="caroobi.automatedOffer"/>
  <testcase name="verify_is_lead_submitted_to_databasd" time="30.720" classname="caroobi.automatedOffer"/>
  <testcase name="create_lead_for_auto_offer_generation" time="32.729" classname="caroobi.automatedOffer"/>
  <testcase name="enter_value_in_pin_textbox" time="0.212" classname="caroobi.automatedOffer"/>
  <testcase name="clear_pin_textbox" time="0.090" classname="caroobi.automatedOffer"/>
  <testcase name="select_car_on_homepage" time="0.144" classname="caroobi.automatedOffer"/>
  <testcase name="accept_cookies_dialog" time="1.089" classname="caroobi.automatedOffer"/>
</testsuite> <!-- caroobi.automatedOffer -->
