<?xml version="1.0" encoding="UTF-8"?>
<!-- Generated by org.testng.reporters.JUnitReportReporter -->
<testsuite skipped="0" hostname="Homebells-MacBook-Pro-2.local" name="caroobi.FirstTest" tests="1" failures="0" timestamp="30 Jul 2019 13:10:21 GMT" time="0.014" errors="0">
  <testcase name="test01" time="0.014" classname="caroobi.FirstTest"/>
</testsuite> <!-- caroobi.FirstTest -->
